<?xml version="1.0" encoding="UTF-8"?>
<testsuite name="challenge.Submit1Test" tests="2" skipped="0" failures="0" errors="0" timestamp="2021-03-27T23:45:32" hostname="ana-Lenovo-YOGA-520-14IKB" time="0.07">
  <properties/>
  <testcase name="getQuoteByActor" classname="challenge.Submit1Test" time="0.063"/>
  <testcase name="getQuote" classname="challenge.Submit1Test" time="0.006"/>
  <system-out><![CDATA[2021-03-27 20:45:31.589  INFO 13103 --- [    Test worker] .b.t.a.w.s.WebMvcTestContextBootstrapper : Neither @ContextConfiguration nor @ContextHierarchy found for test class [challenge.Submit1Test], using SpringBootContextLoader
2021-03-27 20:45:31.589  INFO 13103 --- [    Test worker] o.s.t.c.support.AbstractContextLoader    : Could not detect default resource locations for test class [challenge.Submit1Test]: no resource found for suffixes {-context.xml, Context.groovy}.
2021-03-27 20:45:31.590  INFO 13103 --- [    Test worker] t.c.s.AnnotationConfigContextLoaderUtils : Could not detect default configuration classes for test class [challenge.Submit1Test]: Submit1Test does not declare any static, non-private, non-final, nested classes annotated with @Configuration.
2021-03-27 20:45:31.619  INFO 13103 --- [    Test worker] .b.t.c.SpringBootTestContextBootstrapper : Found @SpringBootConfiguration challenge.Application for test class challenge.Submit1Test
2021-03-27 20:45:31.620  INFO 13103 --- [    Test worker] .b.t.a.w.s.WebMvcTestContextBootstrapper : Loaded default TestExecutionListener class names from location [META-INF/spring.factories]: [org.springframework.boot.test.autoconfigure.restdocs.RestDocsTestExecutionListener, org.springframework.boot.test.autoconfigure.web.client.MockRestServiceServerResetTestExecutionListener, org.springframework.boot.test.autoconfigure.web.servlet.MockMvcPrintOnlyOnFailureTestExecutionListener, org.springframework.boot.test.autoconfigure.web.servlet.WebDriverTestExecutionListener, org.springframework.boot.test.mock.mockito.MockitoTestExecutionListener, org.springframework.boot.test.mock.mockito.ResetMocksTestExecutionListener, org.springframework.test.context.web.ServletTestExecutionListener, org.springframework.test.context.support.DirtiesContextBeforeModesTestExecutionListener, org.springframework.test.context.support.DependencyInjectionTestExecutionListener, org.springframework.test.context.support.DirtiesContextTestExecutionListener, org.springframework.test.context.transaction.TransactionalTestExecutionListener, org.springframework.test.context.jdbc.SqlScriptsTestExecutionListener]
2021-03-27 20:45:31.621  INFO 13103 --- [    Test worker] .b.t.a.w.s.WebMvcTestContextBootstrapper : Using TestExecutionListeners: [org.springframework.test.context.web.ServletTestExecutionListener@33c7915f, org.springframework.test.context.support.DirtiesContextBeforeModesTestExecutionListener@762f9fb, org.springframework.boot.test.mock.mockito.MockitoTestExecutionListener@657cdd8b, org.springframework.boot.test.autoconfigure.SpringBootDependencyInjectionTestExecutionListener@3268a80f, org.springframework.test.context.support.DirtiesContextTestExecutionListener@3d2a9a74, org.springframework.test.context.transaction.TransactionalTestExecutionListener@2d17010b, org.springframework.test.context.jdbc.SqlScriptsTestExecutionListener@2e8411a7, org.springframework.boot.test.autoconfigure.restdocs.RestDocsTestExecutionListener@595beca8, org.springframework.boot.test.autoconfigure.web.client.MockRestServiceServerResetTestExecutionListener@304b34cd, org.springframework.boot.test.autoconfigure.web.servlet.MockMvcPrintOnlyOnFailureTestExecutionListener@25c17496, org.springframework.boot.test.autoconfigure.web.servlet.WebDriverTestExecutionListener@2bc640a0, org.springframework.boot.test.mock.mockito.ResetMocksTestExecutionListener@2dfec7dc]

  .   ____          _            __ _ _
 /\\ / ___'_ __ _ _(_)_ __  __ _ \ \ \ \
( ( )\___ | '_ | '_| | '_ \/ _` | \ \ \ \
 \\/  ___)| |_)| | | | | || (_| |  ) ) ) )
  '  |____| .__|_| |_|_| |_\__, | / / / /
 =========|_|==============|___/=/_/_/_/
 :: Spring Boot ::        (v2.0.3.RELEASE)

2021-03-27 20:45:31.656  INFO 13103 --- [    Test worker] challenge.Submit1Test                    : Starting Submit1Test on ana-Lenovo-YOGA-520-14IKB with PID 13103 (started by ana in /home/ana/codenation/java-5)
2021-03-27 20:45:31.657  INFO 13103 --- [    Test worker] challenge.Submit1Test                    : No active profile set, falling back to default profiles: default
2021-03-27 20:45:31.660  INFO 13103 --- [    Test worker] o.s.w.c.s.GenericWebApplicationContext   : Refreshing org.springframework.web.context.support.GenericWebApplicationContext@5e31d98c: startup date [Sat Mar 27 20:45:31 BRT 2021]; root of context hierarchy
2021-03-27 20:45:32.147  INFO 13103 --- [    Test worker] o.s.w.s.handler.SimpleUrlHandlerMapping  : Mapped URL path [/**/favicon.ico] onto handler of type [class org.springframework.web.servlet.resource.ResourceHttpRequestHandler]
2021-03-27 20:45:32.223  INFO 13103 --- [    Test worker] s.w.s.m.m.a.RequestMappingHandlerAdapter : Looking for @ControllerAdvice: org.springframework.web.context.support.GenericWebApplicationContext@5e31d98c: startup date [Sat Mar 27 20:45:31 BRT 2021]; root of context hierarchy
2021-03-27 20:45:32.235  INFO 13103 --- [    Test worker] s.w.s.m.m.a.RequestMappingHandlerMapping : Mapped "{[/v1/quote],methods=[GET]}" onto public challenge.Quote challenge.QuoteController.getQuote()
2021-03-27 20:45:32.236  INFO 13103 --- [    Test worker] s.w.s.m.m.a.RequestMappingHandlerMapping : Mapped "{[/v1/quote/{actor}],methods=[GET]}" onto public challenge.Quote challenge.QuoteController.getQuoteByActor(java.lang.String)
2021-03-27 20:45:32.238  INFO 13103 --- [    Test worker] s.w.s.m.m.a.RequestMappingHandlerMapping : Mapped "{[/error],produces=[text/html]}" onto public org.springframework.web.servlet.ModelAndView org.springframework.boot.autoconfigure.web.servlet.error.BasicErrorController.errorHtml(javax.servlet.http.HttpServletRequest,javax.servlet.http.HttpServletResponse)
2021-03-27 20:45:32.239  INFO 13103 --- [    Test worker] s.w.s.m.m.a.RequestMappingHandlerMapping : Mapped "{[/error]}" onto public org.springframework.http.ResponseEntity<java.util.Map<java.lang.String, java.lang.Object>> org.springframework.boot.autoconfigure.web.servlet.error.BasicErrorController.error(javax.servlet.http.HttpServletRequest)
2021-03-27 20:45:32.253  INFO 13103 --- [    Test worker] o.s.w.s.handler.SimpleUrlHandlerMapping  : Mapped URL path [/webjars/**] onto handler of type [class org.springframework.web.servlet.resource.ResourceHttpRequestHandler]
2021-03-27 20:45:32.253  INFO 13103 --- [    Test worker] o.s.w.s.handler.SimpleUrlHandlerMapping  : Mapped URL path [/**] onto handler of type [class org.springframework.web.servlet.resource.ResourceHttpRequestHandler]
2021-03-27 20:45:32.326  INFO 13103 --- [    Test worker] o.s.b.t.m.w.SpringBootMockServletContext : Initializing Spring FrameworkServlet ''
2021-03-27 20:45:32.326  INFO 13103 --- [    Test worker] o.s.t.web.servlet.TestDispatcherServlet  : FrameworkServlet '': initialization started
2021-03-27 20:45:32.329  INFO 13103 --- [    Test worker] o.s.t.web.servlet.TestDispatcherServlet  : FrameworkServlet '': initialization completed in 3 ms
2021-03-27 20:45:32.347  INFO 13103 --- [    Test worker] challenge.Submit1Test                    : Started Submit1Test in 0.719 seconds (JVM running for 9.24)
]]></system-out>
  <system-err><![CDATA[]]></system-err>
</testsuite>
